<?xml version="1.0" encoding="UTF-8"?>
<testsuite name="com.code.validators.ValidatorsApplicationTests" tests="1" skipped="0" failures="0" errors="0" timestamp="2026-03-05T10:28:28.271Z" hostname="apples-MacBook-Air.local" time="0.875">
  <properties/>
  <testcase name="contextLoads()" classname="com.code.validators.ValidatorsApplicationTests" time="0.388"/>
  <system-out><![CDATA[15:58:28.342 [Test worker] INFO org.springframework.test.context.support.AnnotationConfigContextLoaderUtils -- Could not detect default configuration classes for test class [com.code.validators.ValidatorsApplicationTests]: ValidatorsApplicationTests does not declare any static, non-private, non-final, nested classes annotated with @Configuration.
15:58:28.381 [Test worker] INFO org.springframework.boot.test.context.SpringBootTestContextBootstrapper -- Found @SpringBootConfiguration com.code.validators.ValidatorsApplication for test class com.code.validators.ValidatorsApplicationTests

  .   ____          _            __ _ _
 /\\ / ___'_ __ _ _(_)_ __  __ _ \ \ \ \
( ( )\___ | '_ | '_| | '_ \/ _` | \ \ \ \
 \\/  ___)| |_)| | | | | || (_| |  ) ) ) )
  '  |____| .__|_| |_|_| |_\__, | / / / /
 =========|_|==============|___/=/_/_/_/

 :: Spring Boot ::                (v4.0.3)

2026-03-05T15:58:28.526+05:30  INFO 89339 --- [validators] [    Test worker] c.c.v.ValidatorsApplicationTests         : Starting ValidatorsApplicationTests using Java 25.0.2 with PID 89339 (started by apple in /Users/apple/Projects/validators)
2026-03-05T15:58:28.527+05:30  INFO 89339 --- [validators] [    Test worker] c.c.v.ValidatorsApplicationTests         : No active profile set, falling back to 1 default profile: "default"
2026-03-05T15:58:28.756+05:30  INFO 89339 --- [validators] [    Test worker] c.c.v.ValidatorsApplicationTests         : Started ValidatorsApplicationTests in 0.318 seconds (process running for 0.826)
]]></system-out>
  <system-err><![CDATA[Mockito is currently self-attaching to enable the inline-mock-maker. This will no longer work in future releases of the JDK. Please add Mockito as an agent to your build as described in Mockito's documentation: https://javadoc.io/doc/org.mockito/mockito-core/latest/org.mockito/org/mockito/Mockito.html#0.3
WARNING: A Java agent has been loaded dynamically (/Users/apple/.gradle/caches/modules-2/files-2.1/net.bytebuddy/byte-buddy-agent/1.17.8/f09415827a71be7ed621c7bd02550678f28bc81c/byte-buddy-agent-1.17.8.jar)
WARNING: If a serviceability tool is in use, please run with -XX:+EnableDynamicAgentLoading to hide this warning
WARNING: If a serviceability tool is not in use, please run with -Djdk.instrument.traceUsage for more information
WARNING: Dynamic loading of agents will be disallowed by default in a future release
]]></system-err>
</testsuite>
